Arguments: 
  /Users/inderpalsingh/.nvm/versions/node/v10.15.1/bin/node /usr/local/Cellar/yarn/1.19.1/libexec/bin/yarn.js test

PATH: 
  /Users/inderpalsingh/.nvm/versions/node/v10.15.1/bin:/usr/local/bin:/usr/bin:/bin:/usr/sbin:/sbin:/usr/local/go/bin:/usr/local/MacGPG2/bin

Yarn version: 
  1.19.1

Node version: 
  10.15.1

Platform: 
  darwin x64

Trace: 
  SyntaxError: /Users/inderpalsingh/tmp/hello-world/package.json: Unexpected string in JSON at position 140
      at JSON.parse (<anonymous>)
      at /usr/local/Cellar/yarn/1.19.1/libexec/lib/cli.js:1625:59
      at Generator.next (<anonymous>)
      at step (/usr/local/Cellar/yarn/1.19.1/libexec/lib/cli.js:304:30)
      at /usr/local/Cellar/yarn/1.19.1/libexec/lib/cli.js:315:13

npm manifest: 
  {
    "name": "hello-world",
    "version": "1.0.0",
    "description": "",
    "main": "index.js",
    "scripts": {
      "start": "node index.js"
      "test": "jest"
    },
    "repository": {
      "type": "git",
      "url": "git+https://github.com/rewanthtammana/hello-world.git"
    },
    "keywords": [],
    "author": "",
    "license": "ISC",
    "bugs": {
      "url": "https://github.com/rewanthtammana/hello-world/issues"
    },
    "homepage": "https://github.com/rewanthtammana/hello-world#readme",
    "dependencies": {
      "express": "4.18.1"
    }
  }

yarn manifest: 
  No manifest

Lockfile: 
  No lockfile
